{"/Users/yarik/Programming/hexlet-project-3-back/src/helpers.js": {"path":"/Users/yarik/Programming/hexlet-project-3-back/src/helpers.js","statementMap":{"0":{"start":{"line":3,"column":21},"end":{"line":8,"column":1}},"1":{"start":{"line":4,"column":33},"end":{"line":4,"column":53}},"2":{"start":{"line":5,"column":18},"end":{"line":5,"column":53}},"3":{"start":{"line":6,"column":18},"end":{"line":6,"column":42}},"4":{"start":{"line":7,"column":2},"end":{"line":7,"column":64}}},"fnMap":{"0":{"name":"(anonymous_0)","decl":{"start":{"line":3,"column":21},"end":{"line":3,"column":22}},"loc":{"start":{"line":3,"column":36},"end":{"line":8,"column":1}},"line":3}},"branchMap":{"0":{"loc":{"start":{"line":5,"column":18},"end":{"line":5,"column":53}},"type":"cond-expr","locations":[{"start":{"line":5,"column":40},"end":{"line":5,"column":48}},{"start":{"line":5,"column":51},"end":{"line":5,"column":53}}],"line":5}},"s":{"0":1,"1":1,"2":1,"3":1,"4":1},"f":{"0":1},"b":{"0":[0,1]},"_coverageSchema":"332fd63041d2c1bcb487cc26dd0d5f7d97098a6c","hash":"ca33893c565d913cd4fae6efcbd4e9c8251733e4"}
,"/Users/yarik/Programming/hexlet-project-3-back/src/index.js": {"path":"/Users/yarik/Programming/hexlet-project-3-back/src/index.js","statementMap":{"0":{"start":{"line":7,"column":17},"end":{"line":18,"column":1}},"1":{"start":{"line":8,"column":23},"end":{"line":8,"column":55}},"2":{"start":{"line":9,"column":19},"end":{"line":9,"column":39}},"3":{"start":{"line":10,"column":19},"end":{"line":10,"column":68}},"4":{"start":{"line":11,"column":2},"end":{"line":17,"column":36}},"5":{"start":{"line":13,"column":23},"end":{"line":13,"column":31}},"6":{"start":{"line":14,"column":6},"end":{"line":15,"column":58}},"7":{"start":{"line":15,"column":20},"end":{"line":15,"column":56}},"8":{"start":{"line":17,"column":18},"end":{"line":17,"column":34}}},"fnMap":{"0":{"name":"(anonymous_0)","decl":{"start":{"line":7,"column":17},"end":{"line":7,"column":18}},"loc":{"start":{"line":7,"column":37},"end":{"line":18,"column":1}},"line":7},"1":{"name":"(anonymous_1)","decl":{"start":{"line":12,"column":10},"end":{"line":12,"column":11}},"loc":{"start":{"line":12,"column":24},"end":{"line":16,"column":5}},"line":12},"2":{"name":"(anonymous_2)","decl":{"start":{"line":15,"column":14},"end":{"line":15,"column":15}},"loc":{"start":{"line":15,"column":20},"end":{"line":15,"column":56}},"line":15},"3":{"name":"(anonymous_3)","decl":{"start":{"line":17,"column":11},"end":{"line":17,"column":12}},"loc":{"start":{"line":17,"column":18},"end":{"line":17,"column":34}},"line":17}},"branchMap":{},"s":{"0":1,"1":1,"2":1,"3":1,"4":1,"5":1,"6":1,"7":1,"8":0},"f":{"0":1,"1":1,"2":1,"3":0},"b":{},"_coverageSchema":"332fd63041d2c1bcb487cc26dd0d5f7d97098a6c","hash":"520cf8596080aacbcd290d2ee2ce4dc1764f361c"}
}
